<?xml version="1.0" encoding="UTF-8"?>
<!-- Generated by org.testng.reporters.JUnitReportReporter -->
<testsuite hostname="DESKTOP-30A8D96" failures="0" tests="2" name="testNG_Practice.TestAnnotaionswithTwoTest" time="0.020" errors="0" timestamp="2023-08-07T12:42:20 IST" skipped="0">
  <testcase classname="testNG_Practice.TestAnnotaionswithTwoTest" name="navigate_Opportunity" time="0.006"/>
  <system-out/>
  <testcase classname="testNG_Practice.TestAnnotaionswithTwoTest" name="navigate_Campaigns" time="0.014"/>
  <system-out/>
</testsuite> <!-- testNG_Practice.TestAnnotaionswithTwoTest -->
