<?xml version="1.0" encoding="UTF-8"?>
<!-- Generated by org.testng.reporters.JUnitReportReporter -->
<testsuite hostname="DESKTOP-30A8D96" failures="0" tests="5" name="testNG_Practice.TestNGTest" time="0.021" errors="0" timestamp="2023-08-04T14:46:31 IST" skipped="1">
  <testcase classname="testNG_Practice.TestNGTest" name="createData" time="0.003"/>
  <system-out/>
  <testcase classname="testNG_Practice.TestNGTest" name="editData" time="0.002"/>
  <system-out/>
  <testcase classname="testNG_Practice.TestNGTest" name="deleteData" time="0.013"/>
  <system-out/>
  <testcase classname="testNG_Practice.TestNGTest" name="deleteData" time="0.003"/>
  <system-out/>
  <testcase classname="testNG_Practice.TestNGTest" name="skipData">
    <skipped/>
  </testcase> <!-- skipData -->
  <system-out/>
</testsuite> <!-- testNG_Practice.TestNGTest -->
