<?xml version="1.0" encoding="UTF-8"?>
<!-- Generated by org.testng.reporters.JUnitReportReporter -->
<testsuite hostname="DESKTOP-30A8D96" failures="0" tests="2" name="testNG_Practice.TestBatchExecutionTest1" time="12.209" errors="0" timestamp="2023-08-07T17:03:53 IST" skipped="0">
  <testcase classname="testNG_Practice.TestBatchExecutionTest1" name="modifyOpp" time="5.707"/>
  <system-out/>
  <testcase classname="testNG_Practice.TestBatchExecutionTest1" name="createOpp" time="6.502"/>
  <system-out/>
</testsuite> <!-- testNG_Practice.TestBatchExecutionTest1 -->
