<?xml version="1.0" encoding="UTF-8"?>
<!-- Generated by org.testng.reporters.JUnitReportReporter -->
<testsuite hostname="DESKTOP-30A8D96" failures="0" tests="1" name="sales_order.VerifySearchsalesOrderUsingSubjectTest" time="7.337" errors="0" timestamp="2023-08-09T17:46:18 IST" skipped="0">
  <testcase classname="sales_order.VerifySearchsalesOrderUsingSubjectTest" name="verifySearchsalesOrderUsingSubjectTest" time="7.337"/>
  <system-out/>
</testsuite> <!-- sales_order.VerifySearchsalesOrderUsingSubjectTest -->
