<?xml version="1.0" encoding="UTF-8"?>
<!-- Generated by org.testng.reporters.JUnitReportReporter -->
<testsuite hostname="DESKTOP-30A8D96" failures="0" tests="1" name="campaigns.Navigate_To_CampaignspageTest" time="15.924" errors="0" timestamp="2023-08-09T12:15:08 IST" skipped="0">
  <testcase classname="campaigns.Navigate_To_CampaignspageTest" name="navigate_To_CampaignspageTest" time="15.924"/>
  <system-out/>
</testsuite> <!-- campaigns.Navigate_To_CampaignspageTest -->
