<?xml version="1.0" encoding="UTF-8"?>
<!-- Generated by org.testng.reporters.JUnitReportReporter -->
<testsuite hostname="DESKTOP-30A8D96" failures="0" tests="1" name="com.practice_package.ReaddatafromcommandLine" time="7.252" errors="0" timestamp="2023-07-28T17:37:10 IST" skipped="0">
  <testcase classname="com.practice_package.ReaddatafromcommandLine" name="readDataFromCommandline" time="7.252"/>
  <system-out/>
</testsuite> <!-- com.practice_package.ReaddatafromcommandLine -->
