<?xml version="1.0" encoding="UTF-8"?>
<!-- Generated by org.testng.reporters.JUnitReportReporter -->
<testsuite hostname="DESKTOP-30A8D96" failures="0" tests="4" name="testNG_Practice.TestNG_practice" time="0.019" errors="0" timestamp="2023-08-04T12:41:56 IST" skipped="0">
  <testcase classname="testNG_Practice.TestNG_practice" name="skipData" time="0.002"/>
  <system-out/>
  <testcase classname="testNG_Practice.TestNG_practice" name="editData" time="0.002"/>
  <system-out/>
  <testcase classname="testNG_Practice.TestNG_practice" name="deleteData" time="0.013"/>
  <system-out/>
  <testcase classname="testNG_Practice.TestNG_practice" name="createData" time="0.002"/>
  <system-out/>
</testsuite> <!-- testNG_Practice.TestNG_practice -->
