<?xml version="1.0" encoding="UTF-8"?>
<!-- Generated by org.testng.reporters.JUnitReportReporter -->
<testsuite hostname="DESKTOP-30A8D96" failures="0" tests="1" name="testNG_Practice.TestAnnotaionsExecution" time="0.011" errors="0" timestamp="2023-08-07T12:46:09 IST" skipped="0">
  <testcase classname="testNG_Practice.TestAnnotaionsExecution" name="testscript" time="0.011"/>
  <system-out/>
</testsuite> <!-- testNG_Practice.TestAnnotaionsExecution -->
