<?xml version="1.0" encoding="UTF-8"?>
<!-- Generated by org.testng.reporters.JUnitReportReporter -->
<testsuite hostname="DESKTOP-30A8D96" failures="0" tests="5" name="testNG_Practice.DataProvider_generic" time="0.019" errors="0" timestamp="2023-08-04T17:11:30 IST" skipped="0">
  <testcase classname="testNG_Practice.DataProvider_generic" name="fetchData" time="0.002"/>
  <system-out/>
  <testcase classname="testNG_Practice.DataProvider_generic" name="fetchData" time="0.004"/>
  <system-out/>
  <testcase classname="testNG_Practice.DataProvider_generic" name="fetchData" time="0.002"/>
  <system-out/>
  <testcase classname="testNG_Practice.DataProvider_generic" name="fetchData" time="0.009"/>
  <system-out/>
  <testcase classname="testNG_Practice.DataProvider_generic" name="fetchData" time="0.002"/>
  <system-out/>
</testsuite> <!-- testNG_Practice.DataProvider_generic -->
