<?xml version="1.0" encoding="UTF-8"?>
<!-- Generated by org.testng.reporters.JUnitReportReporter -->
<testsuite hostname="DESKTOP-30A8D96" failures="0" tests="2" name="testNG_Practice.Test1BatchExecutionTest" time="0.016" errors="0" timestamp="2023-08-07T15:08:35 IST" skipped="0">
  <testcase classname="testNG_Practice.Test1BatchExecutionTest" name="data2" time="0.002"/>
  <system-out/>
  <testcase classname="testNG_Practice.Test1BatchExecutionTest" name="data1" time="0.014"/>
  <system-out/>
</testsuite> <!-- testNG_Practice.Test1BatchExecutionTest -->
