<?xml version="1.0" encoding="UTF-8"?>
<!-- Generated by org.testng.reporters.JUnitReportReporter -->
<testsuite hostname="DESKTOP-30A8D96" failures="0" tests="2" name="testNG_Practice.SoftAssertionTest" time="0.022" errors="0" timestamp="2023-08-09T11:57:13 IST" skipped="0">
  <testcase classname="testNG_Practice.SoftAssertionTest" name="softAssertTest" time="0.003"/>
  <system-out/>
  <testcase classname="testNG_Practice.SoftAssertionTest" name="demo" time="0.019"/>
  <system-out/>
</testsuite> <!-- testNG_Practice.SoftAssertionTest -->
