<?xml version="1.0" encoding="UTF-8"?>
<!-- Generated by org.testng.reporters.JUnitReportReporter -->
<testsuite hostname="DESKTOP-30A8D96" failures="0" tests="4" name="testNG_Practice.Test2GroupExecutionTest" time="22.262" errors="0" timestamp="2023-08-08T09:55:00 IST" skipped="0">
  <testcase classname="testNG_Practice.Test2GroupExecutionTest" name="createCampaign" time="5.376"/>
  <system-out/>
  <testcase classname="testNG_Practice.Test2GroupExecutionTest" name="modifyCampaign" time="5.009"/>
  <system-out/>
  <testcase classname="testNG_Practice.Test2GroupExecutionTest" name="modifyCampaign" time="6.755"/>
  <system-out/>
  <testcase classname="testNG_Practice.Test2GroupExecutionTest" name="createCampaign" time="5.122"/>
  <system-out/>
</testsuite> <!-- testNG_Practice.Test2GroupExecutionTest -->
