<?xml version="1.0" encoding="UTF-8"?>
<!-- Generated by org.testng.reporters.JUnitReportReporter -->
<testsuite hostname="DESKTOP-30A8D96" failures="0" tests="2" name="testNG_Practice.DataProviderTest" time="0.013" errors="0" timestamp="2023-08-04T15:06:13 IST" skipped="0">
  <testcase classname="testNG_Practice.DataProviderTest" name="getData" time="0.002"/>
  <system-out/>
  <testcase classname="testNG_Practice.DataProviderTest" name="getData" time="0.011"/>
  <system-out/>
</testsuite> <!-- testNG_Practice.DataProviderTest -->
