<?xml version="1.0" encoding="UTF-8"?>
<!-- Generated by org.testng.reporters.JUnitReportReporter -->
<testsuite hostname="DESKTOP-30A8D96" failures="0" tests="4" name="testNG_Practice.Test1GroupExecutionTest" time="22.564" errors="0" timestamp="2023-08-08T09:55:00 IST" skipped="0">
  <testcase classname="testNG_Practice.Test1GroupExecutionTest" name="modifyOpp" time="5.106"/>
  <system-out/>
  <testcase classname="testNG_Practice.Test1GroupExecutionTest" name="createOpp" time="5.050"/>
  <system-out/>
  <testcase classname="testNG_Practice.Test1GroupExecutionTest" name="modifyOpp" time="6.044"/>
  <system-out/>
  <testcase classname="testNG_Practice.Test1GroupExecutionTest" name="createOpp" time="6.364"/>
  <system-out/>
</testsuite> <!-- testNG_Practice.Test1GroupExecutionTest -->
