<?xml version="1.0" encoding="UTF-8"?>
<!-- Generated by org.testng.reporters.JUnitReportReporter -->
<testsuite hostname="DESKTOP-30A8D96" failures="0" tests="1" name="testNG_Practice.TestAnnotationUsingBaseclass" time="6.538" errors="0" timestamp="2023-08-07T12:55:19 IST" skipped="0">
  <testcase classname="testNG_Practice.TestAnnotationUsingBaseclass" name="runTest" time="6.538"/>
  <system-out/>
</testsuite> <!-- testNG_Practice.TestAnnotationUsingBaseclass -->
