<?xml version="1.0" encoding="UTF-8"?>
<!-- Generated by org.testng.reporters.JUnitReportReporter -->
<testsuite hostname="DESKTOP-30A8D96" failures="0" tests="2" name="testNG_Practice.TestBatchExecutionTest2" time="11.945" errors="0" timestamp="2023-08-07T17:03:53 IST" skipped="0">
  <testcase classname="testNG_Practice.TestBatchExecutionTest2" name="createCampaign" time="5.379"/>
  <system-out/>
  <testcase classname="testNG_Practice.TestBatchExecutionTest2" name="modifyCampaign" time="6.566"/>
  <system-out/>
</testsuite> <!-- testNG_Practice.TestBatchExecutionTest2 -->
