<?xml version="1.0" encoding="UTF-8"?>
<!-- Generated by org.testng.reporters.JUnitReportReporter -->
<testsuite hostname="DESKTOP-30A8D96" failures="0" tests="5" name="testNG_Practice.DataProviderFromExcel" time="0.016" errors="0" timestamp="2023-08-04T16:44:46 IST" skipped="0">
  <testcase classname="testNG_Practice.DataProviderFromExcel" name="getData" time="0.010"/>
  <system-out/>
  <testcase classname="testNG_Practice.DataProviderFromExcel" name="getData" time="0.001"/>
  <system-out/>
  <testcase classname="testNG_Practice.DataProviderFromExcel" name="getData" time="0.002"/>
  <system-out/>
  <testcase classname="testNG_Practice.DataProviderFromExcel" name="getData" time="0.002"/>
  <system-out/>
  <testcase classname="testNG_Practice.DataProviderFromExcel" name="getData" time="0.001"/>
  <system-out/>
</testsuite> <!-- testNG_Practice.DataProviderFromExcel -->
